<?xml version="1.0" encoding="UTF-8"?>
<testng-results ignored="0" total="1" passed="1" failed="0" skipped="0">
  <reporter-output>
  </reporter-output>
  <suite started-at="2023-09-22T19:57:05 IST" name="Default suite" finished-at="2023-09-22T19:57:18 IST" duration-ms="12512">
    <groups>
    </groups>
    <test started-at="2023-09-22T19:57:05 IST" name="Default test" finished-at="2023-09-22T19:57:18 IST" duration-ms="12512">
      <class name="scripts.BasicScript">
        <test-method signature="basicTestScript()[pri:0, instance:scripts.BasicScript@38cee291]" started-at="2023-09-22T19:57:05 IST" name="basicTestScript" finished-at="2023-09-22T19:57:18 IST" duration-ms="12432" status="PASS">
          <reporter-output>
          </reporter-output>
        </test-method> <!-- basicTestScript -->
      </class> <!-- scripts.BasicScript -->
    </test> <!-- Default test -->
  </suite> <!-- Default suite -->
</testng-results>
